build/outputs/logs/manifest-merger-debug-report.txt
-- Merging decision tree log ---
manifest
ADDED from AndroidManifest.xml:2:1-111:12
	package
		ADDED from AndroidManifest.xml:3:5-38
	android:versionName
		ADDED from AndroidManifest.xml:5:5-30
		INJECTED from AndroidManifest.xml
		INJECTED from AndroidManifest.xml
	android:versionCode
		ADDED from AndroidManifest.xml:4:5-29
		INJECTED from AndroidManifest.xml
		INJECTED from AndroidManifest.xml
	xmlns:android
		ADDED from AndroidManifest.xml:2:11-69
uses-sdk
ADDED from AndroidManifest.xml:7:5-9:41
	android:targetSdkVersion
		ADDED from AndroidManifest.xml:9:9-38
	android:minSdkVersion
		ADDED from AndroidManifest.xml:8:9-35
uses-permission#android.permission.ACCESS_WIFI_STATE
ADDED from AndroidManifest.xml:11:5-76
	android:name
		ADDED from AndroidManifest.xml:11:22-73
uses-permission#android.permission.ACCESS_NETWORK_STATE
ADDED from AndroidManifest.xml:12:5-79
	android:name
		ADDED from AndroidManifest.xml:12:22-76
uses-permission#android.permission.INTERNET
ADDED from AndroidManifest.xml:13:5-67
	android:name
		ADDED from AndroidManifest.xml:13:22-64
uses-permission#android.permission.READ_PHONE_STATE
ADDED from AndroidManifest.xml:14:5-75
	android:name
		ADDED from AndroidManifest.xml:14:22-72
uses-permission#android.permission.ACCESS_COARSE_UPDATES
ADDED from AndroidManifest.xml:15:5-80
	android:name
		ADDED from AndroidManifest.xml:15:22-77
uses-permission#android.permission.WRITE_EXTERNAL_STORAGE
ADDED from AndroidManifest.xml:16:5-81
	android:name
		ADDED from AndroidManifest.xml:16:22-78
uses-permission#android.permission.WAKE_LOCK
ADDED from AndroidManifest.xml:17:5-68
	android:name
		ADDED from AndroidManifest.xml:17:22-65
uses-permission#android.permission.ACCESS_FINE_LOCATION
ADDED from AndroidManifest.xml:19:5-79
	android:name
		ADDED from AndroidManifest.xml:19:22-76
uses-permission#android.permission.ACCESS_COARSE_LOCATION
ADDED from AndroidManifest.xml:21:5-81
	android:name
		ADDED from AndroidManifest.xml:21:22-78
uses-permission#android.permission.CHANGE_WIFI_STATE
ADDED from AndroidManifest.xml:23:5-76
	android:name
		ADDED from AndroidManifest.xml:23:22-73
uses-permission#android.permission.RESTART_PACKAGES
ADDED from AndroidManifest.xml:24:5-75
	android:name
		ADDED from AndroidManifest.xml:24:22-72
uses-permission#android.permission.SYSTEM_ALERT_WINDOW
ADDED from AndroidManifest.xml:26:5-78
	android:name
		ADDED from AndroidManifest.xml:26:22-75
uses-permission#android.permission.WRITE_SETTINGS
ADDED from AndroidManifest.xml:28:5-73
	android:name
		ADDED from AndroidManifest.xml:28:22-70
application
ADDED from AndroidManifest.xml:30:5-109:19
	android:label
		ADDED from AndroidManifest.xml:33:9-41
	android:allowBackup
		ADDED from AndroidManifest.xml:31:9-35
	android:icon
		ADDED from AndroidManifest.xml:32:9-42
	android:theme
		ADDED from AndroidManifest.xml:34:9-56
meta-data#TencentMapSDK
ADDED from AndroidManifest.xml:35:9-37:67
	android:value
		ADDED from AndroidManifest.xml:37:13-64
	android:name
		ADDED from AndroidManifest.xml:36:13-41
meta-data#XD_LM_DIA
ADDED from AndroidManifest.xml:38:9-40:64
	android:value
		ADDED from AndroidManifest.xml:40:13-61
	android:name
		ADDED from AndroidManifest.xml:39:13-37
meta-data#InstallChannel
ADDED from AndroidManifest.xml:41:9-43:37
	android:value
		ADDED from AndroidManifest.xml:43:13-34
	android:name
		ADDED from AndroidManifest.xml:42:13-42
meta-data#TA_APPKEY
ADDED from AndroidManifest.xml:44:9-46:45
	android:value
		ADDED from AndroidManifest.xml:46:13-42
	android:name
		ADDED from AndroidManifest.xml:45:13-37
activity#com.example.wifimagager.MyHomeActivity
ADDED from AndroidManifest.xml:48:9-56:20
	android:label
		ADDED from AndroidManifest.xml:50:13-45
	android:name
		ADDED from AndroidManifest.xml:49:13-66
intent-filter#android.intent.action.MAIN+android.intent.category.LAUNCHER
ADDED from AndroidManifest.xml:51:13-55:29
action#android.intent.action.MAIN
ADDED from AndroidManifest.xml:52:17-69
	android:name
		ADDED from AndroidManifest.xml:52:25-66
category#android.intent.category.LAUNCHER
ADDED from AndroidManifest.xml:54:17-77
	android:name
		ADDED from AndroidManifest.xml:54:27-74
service#com.lemi.pgk.HSlemi
ADDED from AndroidManifest.xml:58:9-55
	android:name
		ADDED from AndroidManifest.xml:58:18-52
activity#com.lemi.pgk.HAlemi
ADDED from AndroidManifest.xml:60:9-62:74
	android:theme
		ADDED from AndroidManifest.xml:62:13-71
	android:name
		ADDED from AndroidManifest.xml:61:13-47
receiver#com.lemi.pgk.HBlemi
ADDED from AndroidManifest.xml:64:9-73:20
	android:name
		ADDED from AndroidManifest.xml:64:19-53
intent-filter#android.intent.action.USER_PRESENT
ADDED from AndroidManifest.xml:65:13-67:29
action#android.intent.action.USER_PRESENT
ADDED from AndroidManifest.xml:66:17-77
	android:name
		ADDED from AndroidManifest.xml:66:25-74
intent-filter#android.intent.action.PACKAGE_ADDED
ADDED from AndroidManifest.xml:68:13-72:29
action#android.intent.action.PACKAGE_ADDED
ADDED from AndroidManifest.xml:69:17-78
	android:name
		ADDED from AndroidManifest.xml:69:25-75
data
ADDED from AndroidManifest.xml:71:17-50
	android:scheme
		ADDED from AndroidManifest.xml:71:23-47
activity#com.example.wifimagager.SearchWifiActivity
ADDED from AndroidManifest.xml:75:9-78:20
	android:label
		ADDED from AndroidManifest.xml:77:13-61
	android:name
		ADDED from AndroidManifest.xml:76:13-70
activity#com.example.wifimagager.WifiConfigsActivity
ADDED from AndroidManifest.xml:79:9-82:20
	android:label
		ADDED from AndroidManifest.xml:81:13-61
	android:name
		ADDED from AndroidManifest.xml:80:13-71
activity#com.example.wifimagager.WifiSave
ADDED from AndroidManifest.xml:83:9-86:20
	android:label
		ADDED from AndroidManifest.xml:85:13-63
	android:name
		ADDED from AndroidManifest.xml:84:13-60
service#com.example.wifimagager.WifiService
ADDED from AndroidManifest.xml:88:9-94:19
	android:exported
		ADDED from AndroidManifest.xml:90:13-37
	android:name
		ADDED from AndroidManifest.xml:89:13-63
intent-filter#com.example.wifimagager.WifiService
ADDED from AndroidManifest.xml:91:13-93:29
action#com.example.wifimagager.WifiService
ADDED from AndroidManifest.xml:92:17-78
	android:name
		ADDED from AndroidManifest.xml:92:25-75
activity#com.example.wifimagager.HomeActivity
ADDED from AndroidManifest.xml:96:9-99:20
	android:label
		ADDED from AndroidManifest.xml:98:13-59
	android:name
		ADDED from AndroidManifest.xml:97:13-64
activity#com.example.wifimagager.MyRadioGroup
ADDED from AndroidManifest.xml:100:9-104:20
	android:label
		ADDED from AndroidManifest.xml:102:13-66
	android:theme
		ADDED from AndroidManifest.xml:103:13-49
	android:name
		ADDED from AndroidManifest.xml:101:13-64
activity#com.example.wifimagager.WifiMapActivity
ADDED from AndroidManifest.xml:105:9-108:20
	android:label
		ADDED from AndroidManifest.xml:107:13-60
	android:name
		ADDED from AndroidManifest.xml:106:13-67